C51 COMPILER V9.01   LAMP_V2                                                               05/23/2022 09:21:16 PAGE 1   


C51 COMPILER V9.01, COMPILATION OF MODULE LAMP_V2
OBJECT MODULE PLACED IN lamp_v2.OBJ
COMPILER INVOKED BY: E:\keil\C51\BIN\C51.EXE lamp_v2.c BROWSE DEBUG OBJECTEXTEND

line level    source

   1          #include <stc15f2k60s2.h>
   2          #include <intrins.h>                    // 调用nop
   3          #include <delay.h>                              // 软件延时
   4          #include <lcd1602.h>                    // 液晶显示屏
   5          #include <bh1750.h>                             // 光传感器
   6          #include <hc595.h>                              // 数码管
   7          #include <key.h>                                // 独立按键、外部中断、扫描
   8          
   9          unsigned int lux;                       // 当前光照强度（单位勒克斯）
  10          unsigned int Status = 0;        // 暂存 P4 状态，io 分时复用
  11          unsigned int ratio = 1;         // PWM 占空比
  12          
  13          long int time = 2021400;        // 初始化时间（23 日 9点 30 分 0 秒）           
  14          // 当前累计时间（单位秒）
  15          // 长整型（-2147483648~ 2147483647）
  16          // 全局变量可以在模式切换时保存时间
  17          
  18          unsigned char second;
  19          unsigned char minute;
  20          unsigned char hour;
  21          unsigned char day;
  22          
  23          unsigned char d=1;      // 方向（前进1、后退-1、暂停0）
  24          unsigned char s=1;      // 步长（1、60、3600）
  25          
  26          void AdjustLamp()
  27          {
  28   1              if (lux > 4000)return;
  29   1              Seg_Single_Display(0,0x80);
  30   1              if (lux > 2200)
  31   1              {
  32   2                      ratio = 1;
  33   2              }
  34   1              else if (lux > 1200)
  35   1              {
  36   2                      ratio = 3;
  37   2              }
  38   1              else if (lux > 500)
  39   1              {
  40   2                      ratio = 4;
  41   2              }
  42   1              else if (lux > 300)
  43   1              {
  44   2                      ratio = 6;
  45   2              }
  46   1              else if (lux > 150)
  47   1              {
  48   2                      ratio = 8;
  49   2              }
  50   1              else
  51   1              {
  52   2                      ratio = 10;
  53   2              }
  54   1              Delay_us(500 * ratio);
  55   1      }
C51 COMPILER V9.01   LAMP_V2                                                               05/23/2022 09:21:16 PAGE 2   

  56          
  57          void Timer0_Init(void)  // 每隔 20ms 中断 1 次
  58          {
  59   1              AUXR &= 0x7F;           // 定时器时钟12T模式
  60   1              TMOD &= 0xF0;           // 设置定时器模式
  61   1              TL0 = 0x00;                     // 设置初值
  62   1              TH0 = 0xB8;
  63   1              TF0 = 0;                        //清除TF0标记
  64   1              ET0=1;                          //使能T0中断
  65   1              EA=1;                           //使能总中断
  66   1              TR0=1;                          //运行T0    
  67   1      }
  68          
  69          
  70          // 中断服务程序 interrupt service routine
  71          void Timer0_ISR(void) interrupt 1
  72          {
  73   1              static unsigned char cnt=0;             // 静态数据类型，用作计数器
  74   1              if(flag == 1)           // 模式1：光强检测、模拟调光
  75   1              {
  76   2                      HC595_OE = 0;   // 打开 595
  77   2                      Status = P4;    // 存入状态
  78   2                      AdjustLamp();
  79   2                      P4 = Status;    // 取出状态
  80   2                      HC595_OE = 1;   // 关闭 595
  81   2              }
  82   1      
  83   1              // 时间总是在流逝，不论当前是什么模式
  84   1              if(cnt++ == 50)         //定时 20ms*50 = 1s
  85   1              {
  86   2                      cnt=0;
  87   2                      time = time + d*s;
  88   2              }
  89   1      }
  90          
  91          
  92          void conversion(unsigned int t)  //  获取各位数据（个十百千万）
  93          { 
  94   1              // 1+0x30 = 0x31 = 49，在 ASCII 表中对应中字符 '1'
  95   1          ARR[4]=t/10000+0x30;
  96   1          t=t%10000;ARR[3]=t/1000+0x30;
  97   1          t=t%1000;ARR[2]=t/100+0x30;
  98   1          t=t%100;ARR[1]=t/10+0x30;
  99   1          t=t%10;ARR[0]=t+0x30;
 100   1      }
 101          
 102          void processTime()// 处理时间数据，例如100000秒 = 1天3小时46分40秒
 103          {
 104   1              second = time%60;               // 得秒
 105   1              minute = time/60%60;    // 得分
 106   1              hour = time/3600%24;    // 得时
 107   1              day = time/3600/24%30;  // 得天
 108   1      }
 109          
 110          
 111          
 112          void main()
 113          {  
 114   1              while(1)        // 大循环
 115   1              {
 116   2                      unsigned char i;
 117   2                      unsigned int num;
C51 COMPILER V9.01   LAMP_V2                                                               05/23/2022 09:21:16 PAGE 3   

 118   2                      unsigned char str[] = "light:";
 119   2              
 120   2                      Delay_ms(100);
 121   2                      Init_BH1750();
 122   2                      LCD_Init();
*** WARNING C206 IN LINE 122 OF LAMP_V2.C: 'LCD_Init': missing function-prototype
 123   2                      HC595_Init();
 124   2                      Timer0_Init();                          // 初始化定时器
 125   2                      ExterInt0_Init();                       // 初始化外部中断
 126   2      
 127   2                      while(flag == 1)                        // 模式1：光强检测、模拟调光
 128   2                      {
 129   3                              Single_Write_BH1750(0x01);              // 上电命令 power on
 130   3                              Single_Write_BH1750(0x10);              // 连续高分辨测量 H- resolution mode，测量时间一般为120ms       
 131   3                                
 132   3                              Delay_ms(180);                                          // 等待测量事件结束，适当地延时180ms，避免浪费时间
 133   3                              
 134   3                              Multiple_Read_BH1750();                 // 连续读出数据，存储在 BUF 中
*** WARNING C206 IN LINE 134 OF LAMP_V2.C: 'Multiple_Read_BH1750': missing function-prototype
 135   3              
 136   3                              num=BUF[0];
 137   3                              num=(num<<8) + BUF[1];                          // 拼接数据
 138   3                              
 139   3                              lux = (float)num/1.2;                           // 按照公式换算
 140   3                              conversion(lux);                                // 计算数据和显示
 141   3                              
 142   3                              for(i=0;i<=5;i++)                                       // 显示文本
 143   3                              {
 144   4                                      LCD_Display(i,0,str[i]);        
 145   4                              }
 146   3                              for(i=6;i<=10;i++)                              
 147   3                              {
 148   4                                      LCD_Display(i,0,ARR[10-i]);     // 显示数据     
 149   4                              }
 150   3                              LCD_Display(i+1,0,'L');                         // 显示单位
 151   3                              LCD_Display(i+2,0,'X');
 152   3                      }
 153   2      
 154   2                      HC595_Init();                                                   // 重新初始化数码管
 155   2                      LCD1602_Write_Cmd(0x01,1);                              // 显示清屏
 156   2      
 157   2                      while(flag != 1)                                                // 模式2：时钟
 158   2                      {
 159   3                              processTime();                                          // 更新秒、分、时、天数据
 160   3                              Seg_Multiple_Display(day*100 + hour,minute*100 + second);
 161   3                      }
 162   2      
 163   2      
 164   2              }
 165   1      }


MODULE INFORMATION:   STATIC OVERLAYABLE
   CODE SIZE        =   1462    ----
   CONSTANT SIZE    =     43    ----
   XDATA SIZE       =   ----    ----
   PDATA SIZE       =   ----    ----
   DATA SIZE        =     38      12
   IDATA SIZE       =   ----    ----
   BIT SIZE         =      1       1
END OF MODULE INFORMATION.


C51 COMPILATION COMPLETE.  2 WARNING(S),  0 ERROR(S)
